CRITICAL - 2020-08-22 00:02:07 --> Argument 1 passed to CodeIgniter\Database\BaseBuilder::update() must be of the type array or null, bool given, called in /media/egova/programming/htdocs/Pro-Travel-PAI-Sumatera-Tours/app/Models/TripModel.php on line 33
#0 /media/egova/programming/htdocs/Pro-Travel-PAI-Sumatera-Tours/app/Models/TripModel.php(33): CodeIgniter\Database\BaseBuilder->update()
#1 /media/egova/programming/htdocs/Pro-Travel-PAI-Sumatera-Tours/app/Controllers/Trip.php(67): App\Models\TripModel->updateTrip()
#2 /media/egova/programming/htdocs/Pro-Travel-PAI-Sumatera-Tours/system/CodeIgniter.php(918): App\Controllers\Trip->update()
#3 /media/egova/programming/htdocs/Pro-Travel-PAI-Sumatera-Tours/system/CodeIgniter.php(404): CodeIgniter\CodeIgniter->runController()
#4 /media/egova/programming/htdocs/Pro-Travel-PAI-Sumatera-Tours/system/CodeIgniter.php(312): CodeIgniter\CodeIgniter->handleRequest()
#5 /media/egova/programming/htdocs/Pro-Travel-PAI-Sumatera-Tours/public/index.php(45): CodeIgniter\CodeIgniter->run()
#6 /media/egova/programming/htdocs/Pro-Travel-PAI-Sumatera-Tours/system/Commands/Server/rewrite.php(34): require_once('/media/egova/pr...')
#7 {main}
CRITICAL - 2020-08-22 00:06:10 --> Argument 1 passed to CodeIgniter\Database\BaseBuilder::update() must be of the type array or null, bool given, called in /media/egova/programming/htdocs/Pro-Travel-PAI-Sumatera-Tours/app/Models/TripModel.php on line 33
#0 /media/egova/programming/htdocs/Pro-Travel-PAI-Sumatera-Tours/app/Models/TripModel.php(33): CodeIgniter\Database\BaseBuilder->update()
#1 /media/egova/programming/htdocs/Pro-Travel-PAI-Sumatera-Tours/app/Controllers/Trip.php(67): App\Models\TripModel->updateTrip()
#2 /media/egova/programming/htdocs/Pro-Travel-PAI-Sumatera-Tours/system/CodeIgniter.php(918): App\Controllers\Trip->update()
#3 /media/egova/programming/htdocs/Pro-Travel-PAI-Sumatera-Tours/system/CodeIgniter.php(404): CodeIgniter\CodeIgniter->runController()
#4 /media/egova/programming/htdocs/Pro-Travel-PAI-Sumatera-Tours/system/CodeIgniter.php(312): CodeIgniter\CodeIgniter->handleRequest()
#5 /media/egova/programming/htdocs/Pro-Travel-PAI-Sumatera-Tours/public/index.php(45): CodeIgniter\CodeIgniter->run()
#6 /media/egova/programming/htdocs/Pro-Travel-PAI-Sumatera-Tours/system/Commands/Server/rewrite.php(34): require_once('/media/egova/pr...')
#7 {main}
CRITICAL - 2020-08-22 00:12:43 --> Undefined variable: trips
#0 /media/egova/programming/htdocs/Pro-Travel-PAI-Sumatera-Tours/app/Views/layout-backend/pages/trip/v_detail.php(36): CodeIgniter\Debug\Exceptions->errorHandler()
#1 /media/egova/programming/htdocs/Pro-Travel-PAI-Sumatera-Tours/system/View/View.php(246): include('/media/egova/pr...')
#2 /media/egova/programming/htdocs/Pro-Travel-PAI-Sumatera-Tours/system/Common.php(1119): CodeIgniter\View\View->render()
#3 /media/egova/programming/htdocs/Pro-Travel-PAI-Sumatera-Tours/app/Views/index-backend.php(5): view()
#4 /media/egova/programming/htdocs/Pro-Travel-PAI-Sumatera-Tours/system/View/View.php(246): include('/media/egova/pr...')
#5 /media/egova/programming/htdocs/Pro-Travel-PAI-Sumatera-Tours/system/Common.php(1119): CodeIgniter\View\View->render()
#6 /media/egova/programming/htdocs/Pro-Travel-PAI-Sumatera-Tours/app/Controllers/Trip.php(36): view()
#7 /media/egova/programming/htdocs/Pro-Travel-PAI-Sumatera-Tours/system/CodeIgniter.php(918): App\Controllers\Trip->index()
#8 /media/egova/programming/htdocs/Pro-Travel-PAI-Sumatera-Tours/system/CodeIgniter.php(404): CodeIgniter\CodeIgniter->runController()
#9 /media/egova/programming/htdocs/Pro-Travel-PAI-Sumatera-Tours/system/CodeIgniter.php(312): CodeIgniter\CodeIgniter->handleRequest()
#10 /media/egova/programming/htdocs/Pro-Travel-PAI-Sumatera-Tours/public/index.php(45): CodeIgniter\CodeIgniter->run()
#11 /media/egova/programming/htdocs/Pro-Travel-PAI-Sumatera-Tours/system/Commands/Server/rewrite.php(34): require_once('/media/egova/pr...')
#12 {main}
CRITICAL - 2020-08-22 02:22:55 --> Undefined variable: trips
#0 /media/egova/programming/htdocs/Pro-Travel-PAI-Sumatera-Tours/app/Views/layout-backend/pages/regular/v_detail.php(97): CodeIgniter\Debug\Exceptions->errorHandler()
#1 /media/egova/programming/htdocs/Pro-Travel-PAI-Sumatera-Tours/system/View/View.php(246): include('/media/egova/pr...')
#2 /media/egova/programming/htdocs/Pro-Travel-PAI-Sumatera-Tours/system/Common.php(1119): CodeIgniter\View\View->render()
#3 /media/egova/programming/htdocs/Pro-Travel-PAI-Sumatera-Tours/app/Views/index-backend.php(5): view()
#4 /media/egova/programming/htdocs/Pro-Travel-PAI-Sumatera-Tours/system/View/View.php(246): include('/media/egova/pr...')
#5 /media/egova/programming/htdocs/Pro-Travel-PAI-Sumatera-Tours/system/Common.php(1119): CodeIgniter\View\View->render()
#6 /media/egova/programming/htdocs/Pro-Travel-PAI-Sumatera-Tours/app/Controllers/Regular.php(38): view()
#7 /media/egova/programming/htdocs/Pro-Travel-PAI-Sumatera-Tours/system/CodeIgniter.php(918): App\Controllers\Regular->index()
#8 /media/egova/programming/htdocs/Pro-Travel-PAI-Sumatera-Tours/system/CodeIgniter.php(404): CodeIgniter\CodeIgniter->runController()
#9 /media/egova/programming/htdocs/Pro-Travel-PAI-Sumatera-Tours/system/CodeIgniter.php(312): CodeIgniter\CodeIgniter->handleRequest()
#10 /media/egova/programming/htdocs/Pro-Travel-PAI-Sumatera-Tours/public/index.php(45): CodeIgniter\CodeIgniter->run()
#11 /media/egova/programming/htdocs/Pro-Travel-PAI-Sumatera-Tours/system/Commands/Server/rewrite.php(34): require_once('/media/egova/pr...')
#12 {main}
CRITICAL - 2020-08-22 02:24:09 --> Undefined property: App\Controllers\Regular::$Trips
#0 /media/egova/programming/htdocs/Pro-Travel-PAI-Sumatera-Tours/app/Controllers/Regular.php(36): CodeIgniter\Debug\Exceptions->errorHandler()
#1 /media/egova/programming/htdocs/Pro-Travel-PAI-Sumatera-Tours/system/CodeIgniter.php(918): App\Controllers\Regular->index()
#2 /media/egova/programming/htdocs/Pro-Travel-PAI-Sumatera-Tours/system/CodeIgniter.php(404): CodeIgniter\CodeIgniter->runController()
#3 /media/egova/programming/htdocs/Pro-Travel-PAI-Sumatera-Tours/system/CodeIgniter.php(312): CodeIgniter\CodeIgniter->handleRequest()
#4 /media/egova/programming/htdocs/Pro-Travel-PAI-Sumatera-Tours/public/index.php(45): CodeIgniter\CodeIgniter->run()
#5 /media/egova/programming/htdocs/Pro-Travel-PAI-Sumatera-Tours/system/Commands/Server/rewrite.php(34): require_once('/media/egova/pr...')
#6 {main}
CRITICAL - 2020-08-22 02:26:19 --> Undefined property: stdClass::$relugar_id
#0 /media/egova/programming/htdocs/Pro-Travel-PAI-Sumatera-Tours/app/Views/layout-backend/pages/regular/v_detail.php(40): CodeIgniter\Debug\Exceptions->errorHandler()
#1 /media/egova/programming/htdocs/Pro-Travel-PAI-Sumatera-Tours/system/View/View.php(246): include('/media/egova/pr...')
#2 /media/egova/programming/htdocs/Pro-Travel-PAI-Sumatera-Tours/system/Common.php(1119): CodeIgniter\View\View->render()
#3 /media/egova/programming/htdocs/Pro-Travel-PAI-Sumatera-Tours/app/Views/index-backend.php(5): view()
#4 /media/egova/programming/htdocs/Pro-Travel-PAI-Sumatera-Tours/system/View/View.php(246): include('/media/egova/pr...')
#5 /media/egova/programming/htdocs/Pro-Travel-PAI-Sumatera-Tours/system/Common.php(1119): CodeIgniter\View\View->render()
#6 /media/egova/programming/htdocs/Pro-Travel-PAI-Sumatera-Tours/app/Controllers/Regular.php(39): view()
#7 /media/egova/programming/htdocs/Pro-Travel-PAI-Sumatera-Tours/system/CodeIgniter.php(918): App\Controllers\Regular->index()
#8 /media/egova/programming/htdocs/Pro-Travel-PAI-Sumatera-Tours/system/CodeIgniter.php(404): CodeIgniter\CodeIgniter->runController()
#9 /media/egova/programming/htdocs/Pro-Travel-PAI-Sumatera-Tours/system/CodeIgniter.php(312): CodeIgniter\CodeIgniter->handleRequest()
#10 /media/egova/programming/htdocs/Pro-Travel-PAI-Sumatera-Tours/public/index.php(45): CodeIgniter\CodeIgniter->run()
#11 /media/egova/programming/htdocs/Pro-Travel-PAI-Sumatera-Tours/system/Commands/Server/rewrite.php(34): require_once('/media/egova/pr...')
#12 {main}
CRITICAL - 2020-08-22 02:30:52 --> Undefined variable: regular
#0 /media/egova/programming/htdocs/Pro-Travel-PAI-Sumatera-Tours/app/Views/layout-backend/pages/regular/v_detail.php(94): CodeIgniter\Debug\Exceptions->errorHandler()
#1 /media/egova/programming/htdocs/Pro-Travel-PAI-Sumatera-Tours/system/View/View.php(246): include('/media/egova/pr...')
#2 /media/egova/programming/htdocs/Pro-Travel-PAI-Sumatera-Tours/system/Common.php(1119): CodeIgniter\View\View->render()
#3 /media/egova/programming/htdocs/Pro-Travel-PAI-Sumatera-Tours/app/Views/index-backend.php(5): view()
#4 /media/egova/programming/htdocs/Pro-Travel-PAI-Sumatera-Tours/system/View/View.php(246): include('/media/egova/pr...')
#5 /media/egova/programming/htdocs/Pro-Travel-PAI-Sumatera-Tours/system/Common.php(1119): CodeIgniter\View\View->render()
#6 /media/egova/programming/htdocs/Pro-Travel-PAI-Sumatera-Tours/app/Controllers/Regular.php(39): view()
#7 /media/egova/programming/htdocs/Pro-Travel-PAI-Sumatera-Tours/system/CodeIgniter.php(918): App\Controllers\Regular->index()
#8 /media/egova/programming/htdocs/Pro-Travel-PAI-Sumatera-Tours/system/CodeIgniter.php(404): CodeIgniter\CodeIgniter->runController()
#9 /media/egova/programming/htdocs/Pro-Travel-PAI-Sumatera-Tours/system/CodeIgniter.php(312): CodeIgniter\CodeIgniter->handleRequest()
#10 /media/egova/programming/htdocs/Pro-Travel-PAI-Sumatera-Tours/public/index.php(45): CodeIgniter\CodeIgniter->run()
#11 /media/egova/programming/htdocs/Pro-Travel-PAI-Sumatera-Tours/system/Commands/Server/rewrite.php(34): require_once('/media/egova/pr...')
#12 {main}
CRITICAL - 2020-08-22 02:46:48 --> Undefined variable: trips
#0 /media/egova/programming/htdocs/Pro-Travel-PAI-Sumatera-Tours/app/Views/layout-backend/pages/regular/v_update.php(98): CodeIgniter\Debug\Exceptions->errorHandler()
#1 /media/egova/programming/htdocs/Pro-Travel-PAI-Sumatera-Tours/system/View/View.php(246): include('/media/egova/pr...')
#2 /media/egova/programming/htdocs/Pro-Travel-PAI-Sumatera-Tours/system/Common.php(1119): CodeIgniter\View\View->render()
#3 /media/egova/programming/htdocs/Pro-Travel-PAI-Sumatera-Tours/app/Views/index-backend.php(5): view()
#4 /media/egova/programming/htdocs/Pro-Travel-PAI-Sumatera-Tours/system/View/View.php(246): include('/media/egova/pr...')
#5 /media/egova/programming/htdocs/Pro-Travel-PAI-Sumatera-Tours/system/Common.php(1119): CodeIgniter\View\View->render()
#6 /media/egova/programming/htdocs/Pro-Travel-PAI-Sumatera-Tours/app/Controllers/Regular.php(101): view()
#7 /media/egova/programming/htdocs/Pro-Travel-PAI-Sumatera-Tours/system/CodeIgniter.php(918): App\Controllers\Regular->update()
#8 /media/egova/programming/htdocs/Pro-Travel-PAI-Sumatera-Tours/system/CodeIgniter.php(404): CodeIgniter\CodeIgniter->runController()
#9 /media/egova/programming/htdocs/Pro-Travel-PAI-Sumatera-Tours/system/CodeIgniter.php(312): CodeIgniter\CodeIgniter->handleRequest()
#10 /media/egova/programming/htdocs/Pro-Travel-PAI-Sumatera-Tours/public/index.php(45): CodeIgniter\CodeIgniter->run()
#11 /media/egova/programming/htdocs/Pro-Travel-PAI-Sumatera-Tours/system/Commands/Server/rewrite.php(34): require_once('/media/egova/pr...')
#12 {main}
CRITICAL - 2020-08-22 05:19:01 --> Trying to get property 'relugar_trip_array' of non-object
#0 /media/egova/programming/htdocs/Pro-Travel-PAI-Sumatera-Tours/app/Controllers/Regular.php(38): CodeIgniter\Debug\Exceptions->errorHandler()
#1 /media/egova/programming/htdocs/Pro-Travel-PAI-Sumatera-Tours/system/CodeIgniter.php(918): App\Controllers\Regular->index()
#2 /media/egova/programming/htdocs/Pro-Travel-PAI-Sumatera-Tours/system/CodeIgniter.php(404): CodeIgniter\CodeIgniter->runController()
#3 /media/egova/programming/htdocs/Pro-Travel-PAI-Sumatera-Tours/system/CodeIgniter.php(312): CodeIgniter\CodeIgniter->handleRequest()
#4 /media/egova/programming/htdocs/Pro-Travel-PAI-Sumatera-Tours/public/index.php(45): CodeIgniter\CodeIgniter->run()
#5 /media/egova/programming/htdocs/Pro-Travel-PAI-Sumatera-Tours/system/Commands/Server/rewrite.php(34): require_once('/media/egova/pr...')
#6 {main}
CRITICAL - 2020-08-22 05:19:06 --> Trying to get property 'relugar_trip_array' of non-object
#0 /media/egova/programming/htdocs/Pro-Travel-PAI-Sumatera-Tours/app/Controllers/Regular.php(129): CodeIgniter\Debug\Exceptions->errorHandler()
#1 /media/egova/programming/htdocs/Pro-Travel-PAI-Sumatera-Tours/system/CodeIgniter.php(918): App\Controllers\Regular->update()
#2 /media/egova/programming/htdocs/Pro-Travel-PAI-Sumatera-Tours/system/CodeIgniter.php(404): CodeIgniter\CodeIgniter->runController()
#3 /media/egova/programming/htdocs/Pro-Travel-PAI-Sumatera-Tours/system/CodeIgniter.php(312): CodeIgniter\CodeIgniter->handleRequest()
#4 /media/egova/programming/htdocs/Pro-Travel-PAI-Sumatera-Tours/public/index.php(45): CodeIgniter\CodeIgniter->run()
#5 /media/egova/programming/htdocs/Pro-Travel-PAI-Sumatera-Tours/system/Commands/Server/rewrite.php(34): require_once('/media/egova/pr...')
#6 {main}
CRITICAL - 2020-08-22 05:21:56 --> Trying to get property 'relugar_trip_array' of non-object
#0 /media/egova/programming/htdocs/Pro-Travel-PAI-Sumatera-Tours/app/Controllers/Regular.php(38): CodeIgniter\Debug\Exceptions->errorHandler()
#1 /media/egova/programming/htdocs/Pro-Travel-PAI-Sumatera-Tours/system/CodeIgniter.php(918): App\Controllers\Regular->index()
#2 /media/egova/programming/htdocs/Pro-Travel-PAI-Sumatera-Tours/system/CodeIgniter.php(404): CodeIgniter\CodeIgniter->runController()
#3 /media/egova/programming/htdocs/Pro-Travel-PAI-Sumatera-Tours/system/CodeIgniter.php(312): CodeIgniter\CodeIgniter->handleRequest()
#4 /media/egova/programming/htdocs/Pro-Travel-PAI-Sumatera-Tours/public/index.php(45): CodeIgniter\CodeIgniter->run()
#5 /media/egova/programming/htdocs/Pro-Travel-PAI-Sumatera-Tours/system/Commands/Server/rewrite.php(34): require_once('/media/egova/pr...')
#6 {main}
CRITICAL - 2020-08-22 05:25:41 --> Undefined property: stdClass::$relugar_trip_array
#0 /media/egova/programming/htdocs/Pro-Travel-PAI-Sumatera-Tours/app/Controllers/Special.php(38): CodeIgniter\Debug\Exceptions->errorHandler()
#1 /media/egova/programming/htdocs/Pro-Travel-PAI-Sumatera-Tours/system/CodeIgniter.php(918): App\Controllers\Special->index()
#2 /media/egova/programming/htdocs/Pro-Travel-PAI-Sumatera-Tours/system/CodeIgniter.php(404): CodeIgniter\CodeIgniter->runController()
#3 /media/egova/programming/htdocs/Pro-Travel-PAI-Sumatera-Tours/system/CodeIgniter.php(312): CodeIgniter\CodeIgniter->handleRequest()
#4 /media/egova/programming/htdocs/Pro-Travel-PAI-Sumatera-Tours/public/index.php(45): CodeIgniter\CodeIgniter->run()
#5 /media/egova/programming/htdocs/Pro-Travel-PAI-Sumatera-Tours/system/Commands/Server/rewrite.php(34): require_once('/media/egova/pr...')
#6 {main}
CRITICAL - 2020-08-22 05:26:09 --> Trying to get property 'trip_nama' of non-object
#0 /media/egova/programming/htdocs/Pro-Travel-PAI-Sumatera-Tours/app/Views/layout-backend/pages/special/v_detail.php(92): CodeIgniter\Debug\Exceptions->errorHandler()
#1 /media/egova/programming/htdocs/Pro-Travel-PAI-Sumatera-Tours/system/View/View.php(246): include('/media/egova/pr...')
#2 /media/egova/programming/htdocs/Pro-Travel-PAI-Sumatera-Tours/system/Common.php(1119): CodeIgniter\View\View->render()
#3 /media/egova/programming/htdocs/Pro-Travel-PAI-Sumatera-Tours/app/Views/index-backend.php(5): view()
#4 /media/egova/programming/htdocs/Pro-Travel-PAI-Sumatera-Tours/system/View/View.php(246): include('/media/egova/pr...')
#5 /media/egova/programming/htdocs/Pro-Travel-PAI-Sumatera-Tours/system/Common.php(1119): CodeIgniter\View\View->render()
#6 /media/egova/programming/htdocs/Pro-Travel-PAI-Sumatera-Tours/app/Controllers/Special.php(45): view()
#7 /media/egova/programming/htdocs/Pro-Travel-PAI-Sumatera-Tours/system/CodeIgniter.php(918): App\Controllers\Special->index()
#8 /media/egova/programming/htdocs/Pro-Travel-PAI-Sumatera-Tours/system/CodeIgniter.php(404): CodeIgniter\CodeIgniter->runController()
#9 /media/egova/programming/htdocs/Pro-Travel-PAI-Sumatera-Tours/system/CodeIgniter.php(312): CodeIgniter\CodeIgniter->handleRequest()
#10 /media/egova/programming/htdocs/Pro-Travel-PAI-Sumatera-Tours/public/index.php(45): CodeIgniter\CodeIgniter->run()
#11 /media/egova/programming/htdocs/Pro-Travel-PAI-Sumatera-Tours/system/Commands/Server/rewrite.php(34): require_once('/media/egova/pr...')
#12 {main}
CRITICAL - 2020-08-22 05:26:38 --> Trying to get property 'trip_nama' of non-object
#0 /media/egova/programming/htdocs/Pro-Travel-PAI-Sumatera-Tours/app/Views/layout-backend/pages/special/v_detail.php(92): CodeIgniter\Debug\Exceptions->errorHandler()
#1 /media/egova/programming/htdocs/Pro-Travel-PAI-Sumatera-Tours/system/View/View.php(246): include('/media/egova/pr...')
#2 /media/egova/programming/htdocs/Pro-Travel-PAI-Sumatera-Tours/system/Common.php(1119): CodeIgniter\View\View->render()
#3 /media/egova/programming/htdocs/Pro-Travel-PAI-Sumatera-Tours/app/Views/index-backend.php(5): view()
#4 /media/egova/programming/htdocs/Pro-Travel-PAI-Sumatera-Tours/system/View/View.php(246): include('/media/egova/pr...')
#5 /media/egova/programming/htdocs/Pro-Travel-PAI-Sumatera-Tours/system/Common.php(1119): CodeIgniter\View\View->render()
#6 /media/egova/programming/htdocs/Pro-Travel-PAI-Sumatera-Tours/app/Controllers/Special.php(45): view()
#7 /media/egova/programming/htdocs/Pro-Travel-PAI-Sumatera-Tours/system/CodeIgniter.php(918): App\Controllers\Special->index()
#8 /media/egova/programming/htdocs/Pro-Travel-PAI-Sumatera-Tours/system/CodeIgniter.php(404): CodeIgniter\CodeIgniter->runController()
#9 /media/egova/programming/htdocs/Pro-Travel-PAI-Sumatera-Tours/system/CodeIgniter.php(312): CodeIgniter\CodeIgniter->handleRequest()
#10 /media/egova/programming/htdocs/Pro-Travel-PAI-Sumatera-Tours/public/index.php(45): CodeIgniter\CodeIgniter->run()
#11 /media/egova/programming/htdocs/Pro-Travel-PAI-Sumatera-Tours/system/Commands/Server/rewrite.php(34): require_once('/media/egova/pr...')
#12 {main}
CRITICAL - 2020-08-22 05:26:57 --> Trying to get property 'trip_nama' of non-object
#0 /media/egova/programming/htdocs/Pro-Travel-PAI-Sumatera-Tours/app/Views/layout-backend/pages/special/v_detail.php(93): CodeIgniter\Debug\Exceptions->errorHandler()
#1 /media/egova/programming/htdocs/Pro-Travel-PAI-Sumatera-Tours/system/View/View.php(246): include('/media/egova/pr...')
#2 /media/egova/programming/htdocs/Pro-Travel-PAI-Sumatera-Tours/system/Common.php(1119): CodeIgniter\View\View->render()
#3 /media/egova/programming/htdocs/Pro-Travel-PAI-Sumatera-Tours/app/Views/index-backend.php(5): view()
#4 /media/egova/programming/htdocs/Pro-Travel-PAI-Sumatera-Tours/system/View/View.php(246): include('/media/egova/pr...')
#5 /media/egova/programming/htdocs/Pro-Travel-PAI-Sumatera-Tours/system/Common.php(1119): CodeIgniter\View\View->render()
#6 /media/egova/programming/htdocs/Pro-Travel-PAI-Sumatera-Tours/app/Controllers/Special.php(45): view()
#7 /media/egova/programming/htdocs/Pro-Travel-PAI-Sumatera-Tours/system/CodeIgniter.php(918): App\Controllers\Special->index()
#8 /media/egova/programming/htdocs/Pro-Travel-PAI-Sumatera-Tours/system/CodeIgniter.php(404): CodeIgniter\CodeIgniter->runController()
#9 /media/egova/programming/htdocs/Pro-Travel-PAI-Sumatera-Tours/system/CodeIgniter.php(312): CodeIgniter\CodeIgniter->handleRequest()
#10 /media/egova/programming/htdocs/Pro-Travel-PAI-Sumatera-Tours/public/index.php(45): CodeIgniter\CodeIgniter->run()
#11 /media/egova/programming/htdocs/Pro-Travel-PAI-Sumatera-Tours/system/Commands/Server/rewrite.php(34): require_once('/media/egova/pr...')
#12 {main}
CRITICAL - 2020-08-22 05:39:07 --> Undefined variable: trips
#0 /media/egova/programming/htdocs/Pro-Travel-PAI-Sumatera-Tours/app/Views/layout-backend/pages/special/v_update.php(96): CodeIgniter\Debug\Exceptions->errorHandler()
#1 /media/egova/programming/htdocs/Pro-Travel-PAI-Sumatera-Tours/system/View/View.php(246): include('/media/egova/pr...')
#2 /media/egova/programming/htdocs/Pro-Travel-PAI-Sumatera-Tours/system/Common.php(1119): CodeIgniter\View\View->render()
#3 /media/egova/programming/htdocs/Pro-Travel-PAI-Sumatera-Tours/app/Views/index-backend.php(5): view()
#4 /media/egova/programming/htdocs/Pro-Travel-PAI-Sumatera-Tours/system/View/View.php(246): include('/media/egova/pr...')
#5 /media/egova/programming/htdocs/Pro-Travel-PAI-Sumatera-Tours/system/Common.php(1119): CodeIgniter\View\View->render()
#6 /media/egova/programming/htdocs/Pro-Travel-PAI-Sumatera-Tours/app/Controllers/Special.php(107): view()
#7 /media/egova/programming/htdocs/Pro-Travel-PAI-Sumatera-Tours/system/CodeIgniter.php(918): App\Controllers\Special->update()
#8 /media/egova/programming/htdocs/Pro-Travel-PAI-Sumatera-Tours/system/CodeIgniter.php(404): CodeIgniter\CodeIgniter->runController()
#9 /media/egova/programming/htdocs/Pro-Travel-PAI-Sumatera-Tours/system/CodeIgniter.php(312): CodeIgniter\CodeIgniter->handleRequest()
#10 /media/egova/programming/htdocs/Pro-Travel-PAI-Sumatera-Tours/public/index.php(45): CodeIgniter\CodeIgniter->run()
#11 /media/egova/programming/htdocs/Pro-Travel-PAI-Sumatera-Tours/system/Commands/Server/rewrite.php(34): require_once('/media/egova/pr...')
#12 {main}
CRITICAL - 2020-08-22 15:41:33 --> Call to undefined function sform_open_multipart()
#0 /media/egova/programming/htdocs/Pro-Travel-PAI-Sumatera-Tours/system/View/View.php(246): include()
#1 /media/egova/programming/htdocs/Pro-Travel-PAI-Sumatera-Tours/system/Common.php(1119): CodeIgniter\View\View->render()
#2 /media/egova/programming/htdocs/Pro-Travel-PAI-Sumatera-Tours/app/Views/index-backend.php(5): view()
#3 /media/egova/programming/htdocs/Pro-Travel-PAI-Sumatera-Tours/system/View/View.php(246): include('/media/egova/pr...')
#4 /media/egova/programming/htdocs/Pro-Travel-PAI-Sumatera-Tours/system/Common.php(1119): CodeIgniter\View\View->render()
#5 /media/egova/programming/htdocs/Pro-Travel-PAI-Sumatera-Tours/app/Controllers/Special.php(108): view()
#6 /media/egova/programming/htdocs/Pro-Travel-PAI-Sumatera-Tours/system/CodeIgniter.php(918): App\Controllers\Special->update()
#7 /media/egova/programming/htdocs/Pro-Travel-PAI-Sumatera-Tours/system/CodeIgniter.php(404): CodeIgniter\CodeIgniter->runController()
#8 /media/egova/programming/htdocs/Pro-Travel-PAI-Sumatera-Tours/system/CodeIgniter.php(312): CodeIgniter\CodeIgniter->handleRequest()
#9 /media/egova/programming/htdocs/Pro-Travel-PAI-Sumatera-Tours/public/index.php(45): CodeIgniter\CodeIgniter->run()
#10 /media/egova/programming/htdocs/Pro-Travel-PAI-Sumatera-Tours/system/Commands/Server/rewrite.php(34): require_once('/media/egova/pr...')
#11 {main}
CRITICAL - 2020-08-22 15:45:22 --> Call to undefined method App\Models\SpecialModel::updateSpecial
#0 /media/egova/programming/htdocs/Pro-Travel-PAI-Sumatera-Tours/app/Controllers/Special.php(82): CodeIgniter\Model->__call()
#1 /media/egova/programming/htdocs/Pro-Travel-PAI-Sumatera-Tours/system/CodeIgniter.php(918): App\Controllers\Special->update()
#2 /media/egova/programming/htdocs/Pro-Travel-PAI-Sumatera-Tours/system/CodeIgniter.php(404): CodeIgniter\CodeIgniter->runController()
#3 /media/egova/programming/htdocs/Pro-Travel-PAI-Sumatera-Tours/system/CodeIgniter.php(312): CodeIgniter\CodeIgniter->handleRequest()
#4 /media/egova/programming/htdocs/Pro-Travel-PAI-Sumatera-Tours/public/index.php(45): CodeIgniter\CodeIgniter->run()
#5 /media/egova/programming/htdocs/Pro-Travel-PAI-Sumatera-Tours/system/Commands/Server/rewrite.php(34): require_once('/media/egova/pr...')
#6 {main}
