CRITICAL - 2020-08-18 23:24:47 --> Unable to connect to the database.
#0 /media/egova/programming/htdocs/Pro-Travel-PAI-Sumatera-Tours/system/Database/BaseConnection.php(646): CodeIgniter\Database\BaseConnection->initialize()
#1 /media/egova/programming/htdocs/Pro-Travel-PAI-Sumatera-Tours/system/Database/BaseBuilder.php(1860): CodeIgniter\Database\BaseConnection->query()
#2 /media/egova/programming/htdocs/Pro-Travel-PAI-Sumatera-Tours/system/Model.php(398): CodeIgniter\Database\BaseBuilder->get()
#3 /media/egova/programming/htdocs/Pro-Travel-PAI-Sumatera-Tours/app/ThirdParty/myth-auth/src/Authentication/AuthenticationBase.php(137): CodeIgniter\Model->find()
#4 /media/egova/programming/htdocs/Pro-Travel-PAI-Sumatera-Tours/app/ThirdParty/myth-auth/src/Authentication/LocalAuthenticator.php(70): Myth\Auth\Authentication\AuthenticationBase->isLoggedIn()
#5 /media/egova/programming/htdocs/Pro-Travel-PAI-Sumatera-Tours/app/ThirdParty/myth-auth/src/Filters/LoginFilter.php(45): Myth\Auth\Authentication\LocalAuthenticator->check()
#6 /media/egova/programming/htdocs/Pro-Travel-PAI-Sumatera-Tours/system/Filters/Filters.php(173): Myth\Auth\Filters\LoginFilter->before()
#7 /media/egova/programming/htdocs/Pro-Travel-PAI-Sumatera-Tours/system/CodeIgniter.php(382): CodeIgniter\Filters\Filters->run()
#8 /media/egova/programming/htdocs/Pro-Travel-PAI-Sumatera-Tours/system/CodeIgniter.php(312): CodeIgniter\CodeIgniter->handleRequest()
#9 /media/egova/programming/htdocs/Pro-Travel-PAI-Sumatera-Tours/public/index.php(45): CodeIgniter\CodeIgniter->run()
#10 /media/egova/programming/htdocs/Pro-Travel-PAI-Sumatera-Tours/system/Commands/Server/rewrite.php(34): require_once('/media/egova/pr...')
#11 {main}
CRITICAL - 2020-08-18 23:24:50 --> Unable to connect to the database.
#0 /media/egova/programming/htdocs/Pro-Travel-PAI-Sumatera-Tours/system/Database/BaseConnection.php(646): CodeIgniter\Database\BaseConnection->initialize()
#1 /media/egova/programming/htdocs/Pro-Travel-PAI-Sumatera-Tours/system/Database/BaseBuilder.php(1860): CodeIgniter\Database\BaseConnection->query()
#2 /media/egova/programming/htdocs/Pro-Travel-PAI-Sumatera-Tours/system/Model.php(398): CodeIgniter\Database\BaseBuilder->get()
#3 /media/egova/programming/htdocs/Pro-Travel-PAI-Sumatera-Tours/app/ThirdParty/myth-auth/src/Authentication/AuthenticationBase.php(137): CodeIgniter\Model->find()
#4 /media/egova/programming/htdocs/Pro-Travel-PAI-Sumatera-Tours/app/ThirdParty/myth-auth/src/Authentication/LocalAuthenticator.php(70): Myth\Auth\Authentication\AuthenticationBase->isLoggedIn()
#5 /media/egova/programming/htdocs/Pro-Travel-PAI-Sumatera-Tours/app/ThirdParty/myth-auth/src/Filters/LoginFilter.php(45): Myth\Auth\Authentication\LocalAuthenticator->check()
#6 /media/egova/programming/htdocs/Pro-Travel-PAI-Sumatera-Tours/system/Filters/Filters.php(173): Myth\Auth\Filters\LoginFilter->before()
#7 /media/egova/programming/htdocs/Pro-Travel-PAI-Sumatera-Tours/system/CodeIgniter.php(382): CodeIgniter\Filters\Filters->run()
#8 /media/egova/programming/htdocs/Pro-Travel-PAI-Sumatera-Tours/system/CodeIgniter.php(312): CodeIgniter\CodeIgniter->handleRequest()
#9 /media/egova/programming/htdocs/Pro-Travel-PAI-Sumatera-Tours/public/index.php(45): CodeIgniter\CodeIgniter->run()
#10 /media/egova/programming/htdocs/Pro-Travel-PAI-Sumatera-Tours/system/Commands/Server/rewrite.php(34): require_once('/media/egova/pr...')
#11 {main}
CRITICAL - 2020-08-18 23:25:04 --> Unable to connect to the database.
#0 /media/egova/programming/htdocs/Pro-Travel-PAI-Sumatera-Tours/system/Database/BaseConnection.php(646): CodeIgniter\Database\BaseConnection->initialize()
#1 /media/egova/programming/htdocs/Pro-Travel-PAI-Sumatera-Tours/system/Database/BaseBuilder.php(2019): CodeIgniter\Database\BaseConnection->query()
#2 /media/egova/programming/htdocs/Pro-Travel-PAI-Sumatera-Tours/app/Models/ContactModel.php(32): CodeIgniter\Database\BaseBuilder->getWhere()
#3 /media/egova/programming/htdocs/Pro-Travel-PAI-Sumatera-Tours/app/Controllers/Home.php(37): App\Models\ContactModel->get()
#4 /media/egova/programming/htdocs/Pro-Travel-PAI-Sumatera-Tours/system/CodeIgniter.php(918): App\Controllers\Home->index()
#5 /media/egova/programming/htdocs/Pro-Travel-PAI-Sumatera-Tours/system/CodeIgniter.php(404): CodeIgniter\CodeIgniter->runController()
#6 /media/egova/programming/htdocs/Pro-Travel-PAI-Sumatera-Tours/system/CodeIgniter.php(312): CodeIgniter\CodeIgniter->handleRequest()
#7 /media/egova/programming/htdocs/Pro-Travel-PAI-Sumatera-Tours/public/index.php(45): CodeIgniter\CodeIgniter->run()
#8 /media/egova/programming/htdocs/Pro-Travel-PAI-Sumatera-Tours/system/Commands/Server/rewrite.php(34): require_once('/media/egova/pr...')
#9 {main}
CRITICAL - 2020-08-18 23:25:05 --> Unable to connect to the database.
#0 /media/egova/programming/htdocs/Pro-Travel-PAI-Sumatera-Tours/system/Database/BaseConnection.php(646): CodeIgniter\Database\BaseConnection->initialize()
#1 /media/egova/programming/htdocs/Pro-Travel-PAI-Sumatera-Tours/system/Database/BaseBuilder.php(2019): CodeIgniter\Database\BaseConnection->query()
#2 /media/egova/programming/htdocs/Pro-Travel-PAI-Sumatera-Tours/app/Models/ContactModel.php(32): CodeIgniter\Database\BaseBuilder->getWhere()
#3 /media/egova/programming/htdocs/Pro-Travel-PAI-Sumatera-Tours/app/Controllers/Home.php(37): App\Models\ContactModel->get()
#4 /media/egova/programming/htdocs/Pro-Travel-PAI-Sumatera-Tours/system/CodeIgniter.php(918): App\Controllers\Home->index()
#5 /media/egova/programming/htdocs/Pro-Travel-PAI-Sumatera-Tours/system/CodeIgniter.php(404): CodeIgniter\CodeIgniter->runController()
#6 /media/egova/programming/htdocs/Pro-Travel-PAI-Sumatera-Tours/system/CodeIgniter.php(312): CodeIgniter\CodeIgniter->handleRequest()
#7 /media/egova/programming/htdocs/Pro-Travel-PAI-Sumatera-Tours/public/index.php(45): CodeIgniter\CodeIgniter->run()
#8 /media/egova/programming/htdocs/Pro-Travel-PAI-Sumatera-Tours/system/Commands/Server/rewrite.php(34): require_once('/media/egova/pr...')
#9 {main}
CRITICAL - 2020-08-18 23:42:07 --> Undefined variable: rents
#0 /media/egova/programming/htdocs/Pro-Travel-PAI-Sumatera-Tours/app/Views/layout-backend/pages/regular/v_update.php(41): CodeIgniter\Debug\Exceptions->errorHandler()
#1 /media/egova/programming/htdocs/Pro-Travel-PAI-Sumatera-Tours/system/View/View.php(246): include('/media/egova/pr...')
#2 /media/egova/programming/htdocs/Pro-Travel-PAI-Sumatera-Tours/system/Common.php(1119): CodeIgniter\View\View->render()
#3 /media/egova/programming/htdocs/Pro-Travel-PAI-Sumatera-Tours/app/Views/index-backend.php(5): view()
#4 /media/egova/programming/htdocs/Pro-Travel-PAI-Sumatera-Tours/system/View/View.php(246): include('/media/egova/pr...')
#5 /media/egova/programming/htdocs/Pro-Travel-PAI-Sumatera-Tours/system/Common.php(1119): CodeIgniter\View\View->render()
#6 /media/egova/programming/htdocs/Pro-Travel-PAI-Sumatera-Tours/app/Controllers/Regular.php(94): view()
#7 /media/egova/programming/htdocs/Pro-Travel-PAI-Sumatera-Tours/system/CodeIgniter.php(918): App\Controllers\Regular->update()
#8 /media/egova/programming/htdocs/Pro-Travel-PAI-Sumatera-Tours/system/CodeIgniter.php(404): CodeIgniter\CodeIgniter->runController()
#9 /media/egova/programming/htdocs/Pro-Travel-PAI-Sumatera-Tours/system/CodeIgniter.php(312): CodeIgniter\CodeIgniter->handleRequest()
#10 /media/egova/programming/htdocs/Pro-Travel-PAI-Sumatera-Tours/public/index.php(45): CodeIgniter\CodeIgniter->run()
#11 /media/egova/programming/htdocs/Pro-Travel-PAI-Sumatera-Tours/system/Commands/Server/rewrite.php(34): require_once('/media/egova/pr...')
#12 {main}
CRITICAL - 2020-08-18 23:42:22 --> Undefined variable: rents
#0 /media/egova/programming/htdocs/Pro-Travel-PAI-Sumatera-Tours/app/Views/layout-backend/pages/regular/v_update.php(41): CodeIgniter\Debug\Exceptions->errorHandler()
#1 /media/egova/programming/htdocs/Pro-Travel-PAI-Sumatera-Tours/system/View/View.php(246): include('/media/egova/pr...')
#2 /media/egova/programming/htdocs/Pro-Travel-PAI-Sumatera-Tours/system/Common.php(1119): CodeIgniter\View\View->render()
#3 /media/egova/programming/htdocs/Pro-Travel-PAI-Sumatera-Tours/app/Views/index-backend.php(5): view()
#4 /media/egova/programming/htdocs/Pro-Travel-PAI-Sumatera-Tours/system/View/View.php(246): include('/media/egova/pr...')
#5 /media/egova/programming/htdocs/Pro-Travel-PAI-Sumatera-Tours/system/Common.php(1119): CodeIgniter\View\View->render()
#6 /media/egova/programming/htdocs/Pro-Travel-PAI-Sumatera-Tours/app/Controllers/Regular.php(94): view()
#7 /media/egova/programming/htdocs/Pro-Travel-PAI-Sumatera-Tours/system/CodeIgniter.php(918): App\Controllers\Regular->update()
#8 /media/egova/programming/htdocs/Pro-Travel-PAI-Sumatera-Tours/system/CodeIgniter.php(404): CodeIgniter\CodeIgniter->runController()
#9 /media/egova/programming/htdocs/Pro-Travel-PAI-Sumatera-Tours/system/CodeIgniter.php(312): CodeIgniter\CodeIgniter->handleRequest()
#10 /media/egova/programming/htdocs/Pro-Travel-PAI-Sumatera-Tours/public/index.php(45): CodeIgniter\CodeIgniter->run()
#11 /media/egova/programming/htdocs/Pro-Travel-PAI-Sumatera-Tours/system/Commands/Server/rewrite.php(34): require_once('/media/egova/pr...')
#12 {main}
